This is XeTeX, Version 3.141592653-2.6-0.999993 (MiKTeX 21.2) (preloaded format=xelatex 2021.9.27)  28 SEP 2021 14:02
entering extended mode
**./chap5.tex
(chap5.tex
LaTeX2e <2020-10-01> patch level 4
L3 programming layer <2021-02-18> xparse <2020-03-03>
! Undefined control sequence.
l.2 \chapter
            {نتیجه‌گیری}
The control sequence at the end of the top line
of your error message was never \def'ed. If you have
misspelled it (e.g., `\hobx'), type `I' and the correct
spelling (e.g., `I\hbox'). Otherwise just continue,
and I'll forget about whatever was undefined.


! LaTeX Error: Missing \begin{document}.

See the LaTeX manual or LaTeX Companion for explanation.
Type  H <return>  for immediate help.
 ...                                              
                                                  
l.2 \chapter{ن
              تیجه‌گیری}
You're in trouble here.  Try typing  <return>  to proceed.
If that doesn't work, type  X <return>  to quit.

Missing character: There is no ن in font nullfont!
Missing character: There is no ت in font nullfont!
Missing character: There is no ی in font nullfont!
Missing character: There is no ج in font nullfont!
Missing character: There is no ه in font nullfont!
Missing character: There is no ‌ in font nullfont!
Missing character: There is no گ in font nullfont!
Missing character: There is no ی in font nullfont!
Missing character: There is no ر in font nullfont!
Missing character: There is no ی in font nullfont!

Overfull \hbox (20.0pt too wide) in paragraph at lines 2--3
[] 
 []

! Undefined control sequence.
l.6 \section
            {}
The control sequence at the end of the top line
of your error message was never \def'ed. If you have
misspelled it (e.g., `\hobx'), type `I' and the correct
spelling (e.g., `I\hbox'). Otherwise just continue,
and I'll forget about whatever was undefined.

)
! Emergency stop.
<*> ./chap5.tex
               
*** (job aborted, no legal \end found)

 
Here is how much of TeX's memory you used:
 16 strings out of 411700
 294 string characters out of 2839604
 292527 words of memory out of 3000000
 20106 multiletter control sequences out of 15000+200000
 403430 words of font info for 27 fonts, out of 3000000 for 9000
 1348 hyphenation exceptions out of 8191
 13i,0n,15p,54b,16s stack positions out of 5000i,500n,10000p,200000b,50000s
No pages of output.
